<?xml version="1.0" encoding="UTF-8"?>
<!-- Generated by org.testng.reporters.JUnitReportReporter -->
<testsuite hostname="DESKTOP-6389EIE" failures="0" tests="2" name="mymaventestnggit.mytestng" time="0.042" errors="0" timestamp="2022-01-04T11:27:34 IST" skipped="0">
  <testcase classname="mymaventestnggit.mytestng" name="testCase2" time="0.034"/>
  <system-out/>
  <testcase classname="mymaventestnggit.mytestng" name="testCase1" time="0.008"/>
  <system-out/>
</testsuite> <!-- mymaventestnggit.mytestng -->
